<?xml version="1.0" encoding="UTF-8"?>
<testsuite name="com.jojoldu.book.springboot.web.IndexControllerTest" tests="1" skipped="0" failures="0" errors="0" timestamp="2023-09-09T05:37:04" hostname="gimmingyus-MacBook-Pro.local" time="2.176">
  <properties/>
  <testcase name="메인페이지 로딩" classname="com.jojoldu.book.springboot.web.IndexControllerTest" time="2.176"/>
  <system-out><![CDATA[2023-09-09 14:37:03.088  INFO 55075 --- [    Test worker] .b.t.c.SpringBootTestContextBootstrapper : Neither @ContextConfiguration nor @ContextHierarchy found for test class [com.jojoldu.book.springboot.web.IndexControllerTest], using SpringBootContextLoader
2023-09-09 14:37:03.091  INFO 55075 --- [    Test worker] o.s.t.c.support.AbstractContextLoader    : Could not detect default resource locations for test class [com.jojoldu.book.springboot.web.IndexControllerTest]: no resource found for suffixes {-context.xml, Context.groovy}.
2023-09-09 14:37:03.092  INFO 55075 --- [    Test worker] t.c.s.AnnotationConfigContextLoaderUtils : Could not detect default configuration classes for test class [com.jojoldu.book.springboot.web.IndexControllerTest]: IndexControllerTest does not declare any static, non-private, non-final, nested classes annotated with @Configuration.
2023-09-09 14:37:03.094  INFO 55075 --- [    Test worker] .b.t.c.SpringBootTestContextBootstrapper : Found @SpringBootConfiguration com.jojoldu.book.springboot.Application for test class com.jojoldu.book.springboot.web.IndexControllerTest
2023-09-09 14:37:03.097  INFO 55075 --- [    Test worker] .b.t.c.SpringBootTestContextBootstrapper : Loaded default TestExecutionListener class names from location [META-INF/spring.factories]: [org.springframework.security.test.context.support.WithSecurityContextTestExecutionListener, org.springframework.security.test.context.support.ReactorContextTestExecutionListener, org.springframework.boot.test.autoconfigure.restdocs.RestDocsTestExecutionListener, org.springframework.boot.test.autoconfigure.web.client.MockRestServiceServerResetTestExecutionListener, org.springframework.boot.test.autoconfigure.web.servlet.MockMvcPrintOnlyOnFailureTestExecutionListener, org.springframework.boot.test.autoconfigure.web.servlet.WebDriverTestExecutionListener, org.springframework.boot.test.autoconfigure.webservices.client.MockWebServiceServerTestExecutionListener, org.springframework.boot.test.mock.mockito.MockitoTestExecutionListener, org.springframework.boot.test.mock.mockito.ResetMocksTestExecutionListener, org.springframework.test.context.web.ServletTestExecutionListener, org.springframework.test.context.support.DirtiesContextBeforeModesTestExecutionListener, org.springframework.test.context.event.ApplicationEventsTestExecutionListener, org.springframework.test.context.support.DependencyInjectionTestExecutionListener, org.springframework.test.context.support.DirtiesContextTestExecutionListener, org.springframework.test.context.transaction.TransactionalTestExecutionListener, org.springframework.test.context.jdbc.SqlScriptsTestExecutionListener, org.springframework.test.context.event.EventPublishingTestExecutionListener]
2023-09-09 14:37:03.098  INFO 55075 --- [    Test worker] .b.t.c.SpringBootTestContextBootstrapper : Using TestExecutionListeners: [org.springframework.test.context.web.ServletTestExecutionListener@46da7d39, org.springframework.test.context.support.DirtiesContextBeforeModesTestExecutionListener@1d3f5482, org.springframework.test.context.event.ApplicationEventsTestExecutionListener@67e255cf, org.springframework.boot.test.mock.mockito.MockitoTestExecutionListener@1bb90d4d, org.springframework.boot.test.autoconfigure.SpringBootDependencyInjectionTestExecutionListener@e1f88b6, org.springframework.test.context.support.DirtiesContextTestExecutionListener@69e346b3, org.springframework.test.context.transaction.TransactionalTestExecutionListener@1cda3a6d, org.springframework.test.context.jdbc.SqlScriptsTestExecutionListener@4fda9fde, org.springframework.security.test.context.support.WithSecurityContextTestExecutionListener@3df2f4ab, org.springframework.test.context.event.EventPublishingTestExecutionListener@4ed7fb78, org.springframework.security.test.context.support.ReactorContextTestExecutionListener@393b99d, org.springframework.boot.test.autoconfigure.restdocs.RestDocsTestExecutionListener@182ce25e, org.springframework.boot.test.autoconfigure.web.client.MockRestServiceServerResetTestExecutionListener@32d11a5c, org.springframework.boot.test.autoconfigure.web.servlet.MockMvcPrintOnlyOnFailureTestExecutionListener@43ac3b45, org.springframework.boot.test.autoconfigure.web.servlet.WebDriverTestExecutionListener@5ded2dfc, org.springframework.boot.test.autoconfigure.webservices.client.MockWebServiceServerTestExecutionListener@22ac1a0d, org.springframework.boot.test.mock.mockito.ResetMocksTestExecutionListener@1895f7fe]

  .   ____          _            __ _ _
 /\\ / ___'_ __ _ _(_)_ __  __ _ \ \ \ \
( ( )\___ | '_ | '_| | '_ \/ _` | \ \ \ \
 \\/  ___)| |_)| | | | | || (_| |  ) ) ) )
  '  |____| .__|_| |_|_| |_\__, | / / / /
 =========|_|==============|___/=/_/_/_/
 :: Spring Boot ::               (v2.7.14)

2023-09-09 14:37:03.138  INFO 55075 --- [    Test worker] c.j.b.s.web.IndexControllerTest          : Starting IndexControllerTest using Java 11.0.20 on gimmingyus-MacBook-Pro.local with PID 55075 (started by flyordig in /Users/flyordig/study/springboot2-aws)
2023-09-09 14:37:03.139  INFO 55075 --- [    Test worker] c.j.b.s.web.IndexControllerTest          : No active profile set, falling back to 1 default profile: "default"
2023-09-09 14:37:03.379  INFO 55075 --- [    Test worker] .s.d.r.c.RepositoryConfigurationDelegate : Bootstrapping Spring Data JPA repositories in DEFAULT mode.
2023-09-09 14:37:03.394  INFO 55075 --- [    Test worker] .s.d.r.c.RepositoryConfigurationDelegate : Finished Spring Data repository scanning in 14 ms. Found 2 JPA repository interfaces.
2023-09-09 14:37:03.721  INFO 55075 --- [    Test worker] o.s.b.w.embedded.tomcat.TomcatWebServer  : Tomcat initialized with port(s): 0 (http)
2023-09-09 14:37:03.732  INFO 55075 --- [    Test worker] o.apache.catalina.core.StandardService   : Starting service [Tomcat]
2023-09-09 14:37:03.732  INFO 55075 --- [    Test worker] org.apache.catalina.core.StandardEngine  : Starting Servlet engine: [Apache Tomcat/9.0.78]
2023-09-09 14:37:03.893  INFO 55075 --- [    Test worker] o.a.c.c.C.[Tomcat].[localhost].[/]       : Initializing Spring embedded WebApplicationContext
2023-09-09 14:37:03.894  INFO 55075 --- [    Test worker] w.s.c.ServletWebServerApplicationContext : Root WebApplicationContext: initialization completed in 751 ms
2023-09-09 14:37:03.926  INFO 55075 --- [    Test worker] com.zaxxer.hikari.HikariDataSource       : HikariPool-2 - Starting...
2023-09-09 14:37:03.933  INFO 55075 --- [    Test worker] com.zaxxer.hikari.HikariDataSource       : HikariPool-2 - Start completed.
2023-09-09 14:37:03.935  INFO 55075 --- [    Test worker] o.s.b.a.h2.H2ConsoleAutoConfiguration    : H2 console available at '/h2-console'. Database available at 'jdbc:h2:mem:ff3a8e2a-7c85-4dfc-81c7-a6eaa8e1d752'
2023-09-09 14:37:04.102  INFO 55075 --- [    Test worker] o.hibernate.jpa.internal.util.LogHelper  : HHH000204: Processing PersistenceUnitInfo [name: default]
2023-09-09 14:37:04.108  INFO 55075 --- [    Test worker] org.hibernate.dialect.Dialect            : HHH000400: Using dialect: org.hibernate.dialect.H2Dialect
Hibernate: drop table if exists posts CASCADE 
Hibernate: drop table if exists users CASCADE 
Hibernate: create table posts (id bigint generated by default as identity, created_date timestamp, modified_date timestamp, author varchar(255), content TEXT not null, title varchar(500) not null, primary key (id))
Hibernate: create table users (id bigint generated by default as identity, created_date timestamp, modified_date timestamp, email varchar(255) not null, name varchar(255) not null, picture varchar(255), role varchar(255) not null, primary key (id))
2023-09-09 14:37:04.189  INFO 55075 --- [    Test worker] o.h.e.t.j.p.i.JtaPlatformInitiator       : HHH000490: Using JtaPlatform implementation: [org.hibernate.engine.transaction.jta.platform.internal.NoJtaPlatform]
2023-09-09 14:37:04.189  INFO 55075 --- [    Test worker] j.LocalContainerEntityManagerFactoryBean : Initialized JPA EntityManagerFactory for persistence unit 'default'
2023-09-09 14:37:04.341  WARN 55075 --- [    Test worker] JpaBaseConfiguration$JpaWebConfiguration : spring.jpa.open-in-view is enabled by default. Therefore, database queries may be performed during view rendering. Explicitly configure spring.jpa.open-in-view to disable this warning
2023-09-09 14:37:04.502  INFO 55075 --- [    Test worker] o.s.s.web.DefaultSecurityFilterChain     : Will secure any request with [org.springframework.security.web.session.DisableEncodeUrlFilter@20309365, org.springframework.security.web.context.request.async.WebAsyncManagerIntegrationFilter@7306f65f, org.springframework.security.web.context.SecurityContextPersistenceFilter@180466a9, org.springframework.security.web.header.HeaderWriterFilter@2f48adcc, org.springframework.security.web.authentication.logout.LogoutFilter@74de1e9d, org.springframework.security.oauth2.client.web.OAuth2AuthorizationRequestRedirectFilter@28516b2d, org.springframework.security.oauth2.client.web.OAuth2LoginAuthenticationFilter@2c7fb24c, org.springframework.security.web.authentication.ui.DefaultLoginPageGeneratingFilter@7528ece2, org.springframework.security.web.authentication.ui.DefaultLogoutPageGeneratingFilter@50ade311, org.springframework.security.web.savedrequest.RequestCacheAwareFilter@2670435, org.springframework.security.web.servletapi.SecurityContextHolderAwareRequestFilter@682bff78, org.springframework.security.web.authentication.AnonymousAuthenticationFilter@191d69a, org.springframework.security.web.session.SessionManagementFilter@6adee80f, org.springframework.security.web.access.ExceptionTranslationFilter@5739b804, org.springframework.security.web.access.intercept.AuthorizationFilter@71c45428]
2023-09-09 14:37:04.633  INFO 55075 --- [    Test worker] o.s.b.a.w.s.WelcomePageHandlerMapping    : Adding welcome page template: index
2023-09-09 14:37:04.870  INFO 55075 --- [    Test worker] o.s.b.w.embedded.tomcat.TomcatWebServer  : Tomcat started on port(s): 64623 (http) with context path ''
2023-09-09 14:37:04.877  INFO 55075 --- [    Test worker] s.a.ScheduledAnnotationBeanPostProcessor : No TaskScheduler/ScheduledExecutorService bean found for scheduled processing
2023-09-09 14:37:04.879  INFO 55075 --- [    Test worker] c.j.b.s.web.IndexControllerTest          : Started IndexControllerTest in 1.778 seconds (JVM running for 13.814)
2023-09-09 14:37:04.988  INFO 55075 --- [o-auto-1-exec-1] o.a.c.c.C.[Tomcat].[localhost].[/]       : Initializing Spring DispatcherServlet 'dispatcherServlet'
2023-09-09 14:37:04.989  INFO 55075 --- [o-auto-1-exec-1] o.s.web.servlet.DispatcherServlet        : Initializing Servlet 'dispatcherServlet'
2023-09-09 14:37:04.992  INFO 55075 --- [o-auto-1-exec-1] o.s.web.servlet.DispatcherServlet        : Completed initialization in 2 ms
Hibernate: select posts0_.id as id1_0_, posts0_.created_date as created_2_0_, posts0_.modified_date as modified3_0_, posts0_.author as author4_0_, posts0_.content as content5_0_, posts0_.title as title6_0_ from posts posts0_ order by posts0_.id DESC
]]></system-out>
  <system-err><![CDATA[]]></system-err>
</testsuite>
