<?xml version="1.0" encoding="UTF-8"?>
<testsuite name="com.jojoldu.book.springboot.web.IndexControllerTest" tests="1" skipped="0" failures="0" errors="0" timestamp="2023-09-07T11:09:05" hostname="gimmingyus-MacBook-Pro.local" time="2.443">
  <properties/>
  <testcase name="메인페이지 로딩" classname="com.jojoldu.book.springboot.web.IndexControllerTest" time="2.443"/>
  <system-out><![CDATA[2023-09-07 20:09:03.764  INFO 41044 --- [    Test worker] .b.t.c.SpringBootTestContextBootstrapper : Neither @ContextConfiguration nor @ContextHierarchy found for test class [com.jojoldu.book.springboot.web.IndexControllerTest], using SpringBootContextLoader
2023-09-07 20:09:03.768  INFO 41044 --- [    Test worker] o.s.t.c.support.AbstractContextLoader    : Could not detect default resource locations for test class [com.jojoldu.book.springboot.web.IndexControllerTest]: no resource found for suffixes {-context.xml, Context.groovy}.
2023-09-07 20:09:03.768  INFO 41044 --- [    Test worker] t.c.s.AnnotationConfigContextLoaderUtils : Could not detect default configuration classes for test class [com.jojoldu.book.springboot.web.IndexControllerTest]: IndexControllerTest does not declare any static, non-private, non-final, nested classes annotated with @Configuration.
2023-09-07 20:09:03.771  INFO 41044 --- [    Test worker] .b.t.c.SpringBootTestContextBootstrapper : Found @SpringBootConfiguration com.jojoldu.book.springboot.Application for test class com.jojoldu.book.springboot.web.IndexControllerTest
2023-09-07 20:09:03.775  INFO 41044 --- [    Test worker] .b.t.c.SpringBootTestContextBootstrapper : Loaded default TestExecutionListener class names from location [META-INF/spring.factories]: [org.springframework.security.test.context.support.WithSecurityContextTestExecutionListener, org.springframework.security.test.context.support.ReactorContextTestExecutionListener, org.springframework.boot.test.autoconfigure.restdocs.RestDocsTestExecutionListener, org.springframework.boot.test.autoconfigure.web.client.MockRestServiceServerResetTestExecutionListener, org.springframework.boot.test.autoconfigure.web.servlet.MockMvcPrintOnlyOnFailureTestExecutionListener, org.springframework.boot.test.autoconfigure.web.servlet.WebDriverTestExecutionListener, org.springframework.boot.test.autoconfigure.webservices.client.MockWebServiceServerTestExecutionListener, org.springframework.boot.test.mock.mockito.MockitoTestExecutionListener, org.springframework.boot.test.mock.mockito.ResetMocksTestExecutionListener, org.springframework.test.context.web.ServletTestExecutionListener, org.springframework.test.context.support.DirtiesContextBeforeModesTestExecutionListener, org.springframework.test.context.event.ApplicationEventsTestExecutionListener, org.springframework.test.context.support.DependencyInjectionTestExecutionListener, org.springframework.test.context.support.DirtiesContextTestExecutionListener, org.springframework.test.context.transaction.TransactionalTestExecutionListener, org.springframework.test.context.jdbc.SqlScriptsTestExecutionListener, org.springframework.test.context.event.EventPublishingTestExecutionListener]
2023-09-07 20:09:03.776  INFO 41044 --- [    Test worker] .b.t.c.SpringBootTestContextBootstrapper : Using TestExecutionListeners: [org.springframework.test.context.web.ServletTestExecutionListener@69497a36, org.springframework.test.context.support.DirtiesContextBeforeModesTestExecutionListener@497f8a4b, org.springframework.test.context.event.ApplicationEventsTestExecutionListener@6d952747, org.springframework.boot.test.mock.mockito.MockitoTestExecutionListener@27ccf818, org.springframework.boot.test.autoconfigure.SpringBootDependencyInjectionTestExecutionListener@5f6ae1d, org.springframework.test.context.support.DirtiesContextTestExecutionListener@30ee413a, org.springframework.test.context.transaction.TransactionalTestExecutionListener@7405e77f, org.springframework.test.context.jdbc.SqlScriptsTestExecutionListener@3449cddf, org.springframework.security.test.context.support.WithSecurityContextTestExecutionListener@4ff1b0d, org.springframework.test.context.event.EventPublishingTestExecutionListener@46da7d39, org.springframework.security.test.context.support.ReactorContextTestExecutionListener@1d3f5482, org.springframework.boot.test.autoconfigure.restdocs.RestDocsTestExecutionListener@67e255cf, org.springframework.boot.test.autoconfigure.web.client.MockRestServiceServerResetTestExecutionListener@1bb90d4d, org.springframework.boot.test.autoconfigure.web.servlet.MockMvcPrintOnlyOnFailureTestExecutionListener@e1f88b6, org.springframework.boot.test.autoconfigure.web.servlet.WebDriverTestExecutionListener@69e346b3, org.springframework.boot.test.autoconfigure.webservices.client.MockWebServiceServerTestExecutionListener@1cda3a6d, org.springframework.boot.test.mock.mockito.ResetMocksTestExecutionListener@4fda9fde]

  .   ____          _            __ _ _
 /\\ / ___'_ __ _ _(_)_ __  __ _ \ \ \ \
( ( )\___ | '_ | '_| | '_ \/ _` | \ \ \ \
 \\/  ___)| |_)| | | | | || (_| |  ) ) ) )
  '  |____| .__|_| |_|_| |_\__, | / / / /
 =========|_|==============|___/=/_/_/_/
 :: Spring Boot ::               (v2.7.14)

2023-09-07 20:09:03.819  INFO 41044 --- [    Test worker] c.j.b.s.web.IndexControllerTest          : Starting IndexControllerTest using Java 11.0.20 on gimmingyus-MacBook-Pro.local with PID 41044 (started by flyordig in /Users/flyordig/study/springboot2-aws)
2023-09-07 20:09:03.820  INFO 41044 --- [    Test worker] c.j.b.s.web.IndexControllerTest          : No active profile set, falling back to 1 default profile: "default"
2023-09-07 20:09:04.170  INFO 41044 --- [    Test worker] .s.d.r.c.RepositoryConfigurationDelegate : Bootstrapping Spring Data JPA repositories in DEFAULT mode.
2023-09-07 20:09:04.191  INFO 41044 --- [    Test worker] .s.d.r.c.RepositoryConfigurationDelegate : Finished Spring Data repository scanning in 19 ms. Found 2 JPA repository interfaces.
2023-09-07 20:09:04.573  INFO 41044 --- [    Test worker] o.s.b.w.embedded.tomcat.TomcatWebServer  : Tomcat initialized with port(s): 0 (http)
2023-09-07 20:09:04.584  INFO 41044 --- [    Test worker] o.apache.catalina.core.StandardService   : Starting service [Tomcat]
2023-09-07 20:09:04.584  INFO 41044 --- [    Test worker] org.apache.catalina.core.StandardEngine  : Starting Servlet engine: [Apache Tomcat/9.0.78]
2023-09-07 20:09:04.780  INFO 41044 --- [    Test worker] o.a.c.c.C.[Tomcat].[localhost].[/]       : Initializing Spring embedded WebApplicationContext
2023-09-07 20:09:04.780  INFO 41044 --- [    Test worker] w.s.c.ServletWebServerApplicationContext : Root WebApplicationContext: initialization completed in 956 ms
2023-09-07 20:09:04.819  INFO 41044 --- [    Test worker] com.zaxxer.hikari.HikariDataSource       : HikariPool-2 - Starting...
2023-09-07 20:09:04.825  INFO 41044 --- [    Test worker] com.zaxxer.hikari.HikariDataSource       : HikariPool-2 - Start completed.
2023-09-07 20:09:04.826  INFO 41044 --- [    Test worker] o.s.b.a.h2.H2ConsoleAutoConfiguration    : H2 console available at '/h2-console'. Database available at 'jdbc:h2:mem:5b3c0328-8879-497e-9fd1-0bf4a71273e0'
2023-09-07 20:09:05.001  INFO 41044 --- [    Test worker] o.hibernate.jpa.internal.util.LogHelper  : HHH000204: Processing PersistenceUnitInfo [name: default]
2023-09-07 20:09:05.007  INFO 41044 --- [    Test worker] org.hibernate.dialect.Dialect            : HHH000400: Using dialect: org.hibernate.dialect.H2Dialect
Hibernate: drop table if exists posts CASCADE 
Hibernate: drop table if exists users CASCADE 
Hibernate: create table posts (id bigint generated by default as identity, created_date timestamp, modified_date timestamp, author varchar(255), content TEXT not null, title varchar(500) not null, primary key (id))
Hibernate: create table users (id bigint generated by default as identity, created_date timestamp, modified_date timestamp, email varchar(255) not null, name varchar(255) not null, picture varchar(255), role varchar(255) not null, primary key (id))
2023-09-07 20:09:05.116  INFO 41044 --- [    Test worker] o.h.e.t.j.p.i.JtaPlatformInitiator       : HHH000490: Using JtaPlatform implementation: [org.hibernate.engine.transaction.jta.platform.internal.NoJtaPlatform]
2023-09-07 20:09:05.116  INFO 41044 --- [    Test worker] j.LocalContainerEntityManagerFactoryBean : Initialized JPA EntityManagerFactory for persistence unit 'default'
2023-09-07 20:09:05.272  WARN 41044 --- [    Test worker] JpaBaseConfiguration$JpaWebConfiguration : spring.jpa.open-in-view is enabled by default. Therefore, database queries may be performed during view rendering. Explicitly configure spring.jpa.open-in-view to disable this warning
2023-09-07 20:09:05.493  INFO 41044 --- [    Test worker] o.s.s.web.DefaultSecurityFilterChain     : Will secure any request with [org.springframework.security.web.session.DisableEncodeUrlFilter@6adee80f, org.springframework.security.web.context.request.async.WebAsyncManagerIntegrationFilter@180466a9, org.springframework.security.web.context.SecurityContextPersistenceFilter@64e6f678, org.springframework.security.web.header.HeaderWriterFilter@12e4822b, org.springframework.security.web.authentication.logout.LogoutFilter@3ef8de39, org.springframework.security.oauth2.client.web.OAuth2AuthorizationRequestRedirectFilter@5739b804, org.springframework.security.oauth2.client.web.OAuth2LoginAuthenticationFilter@2f48adcc, org.springframework.security.web.authentication.ui.DefaultLoginPageGeneratingFilter@4bb747c1, org.springframework.security.web.authentication.ui.DefaultLogoutPageGeneratingFilter@2670435, org.springframework.security.web.savedrequest.RequestCacheAwareFilter@2c5157c9, org.springframework.security.web.servletapi.SecurityContextHolderAwareRequestFilter@1a927db2, org.springframework.security.web.authentication.AnonymousAuthenticationFilter@682bff78, org.springframework.security.web.session.SessionManagementFilter@281f2d6c, org.springframework.security.web.access.ExceptionTranslationFilter@2dacaa7f, org.springframework.security.web.access.intercept.AuthorizationFilter@46769bd6]
2023-09-07 20:09:05.627  INFO 41044 --- [    Test worker] o.s.b.a.w.s.WelcomePageHandlerMapping    : Adding welcome page template: index
2023-09-07 20:09:05.877  INFO 41044 --- [    Test worker] o.s.b.w.embedded.tomcat.TomcatWebServer  : Tomcat started on port(s): 63839 (http) with context path ''
2023-09-07 20:09:05.886  INFO 41044 --- [    Test worker] s.a.ScheduledAnnotationBeanPostProcessor : No TaskScheduler/ScheduledExecutorService bean found for scheduled processing
2023-09-07 20:09:05.888  INFO 41044 --- [    Test worker] c.j.b.s.web.IndexControllerTest          : Started IndexControllerTest in 2.108 seconds (JVM running for 15.027)
2023-09-07 20:09:06.008  INFO 41044 --- [o-auto-1-exec-1] o.a.c.c.C.[Tomcat].[localhost].[/]       : Initializing Spring DispatcherServlet 'dispatcherServlet'
2023-09-07 20:09:06.009  INFO 41044 --- [o-auto-1-exec-1] o.s.web.servlet.DispatcherServlet        : Initializing Servlet 'dispatcherServlet'
2023-09-07 20:09:06.011  INFO 41044 --- [o-auto-1-exec-1] o.s.web.servlet.DispatcherServlet        : Completed initialization in 1 ms
Hibernate: select posts0_.id as id1_0_, posts0_.created_date as created_2_0_, posts0_.modified_date as modified3_0_, posts0_.author as author4_0_, posts0_.content as content5_0_, posts0_.title as title6_0_ from posts posts0_ order by posts0_.id DESC
]]></system-out>
  <system-err><![CDATA[]]></system-err>
</testsuite>
