<?xml version="1.0" encoding="UTF-8"?>
<testsuite name="com.jojoldu.book.springboot.web.dto.PostsApiControllerTest" tests="2" skipped="0" failures="0" errors="0" timestamp="2023-09-09T05:37:07" hostname="gimmingyus-MacBook-Pro.local" time="0.132">
  <properties/>
  <testcase name="Posts_등록된다()" classname="com.jojoldu.book.springboot.web.dto.PostsApiControllerTest" time="0.088"/>
  <testcase name="Posts_수정된다()" classname="com.jojoldu.book.springboot.web.dto.PostsApiControllerTest" time="0.041"/>
  <system-out><![CDATA[2023-09-09 14:37:07.081  INFO 55075 --- [    Test worker] .b.t.c.SpringBootTestContextBootstrapper : Neither @ContextConfiguration nor @ContextHierarchy found for test class [com.jojoldu.book.springboot.web.dto.PostsApiControllerTest], using SpringBootContextLoader
2023-09-09 14:37:07.082  INFO 55075 --- [    Test worker] o.s.t.c.support.AbstractContextLoader    : Could not detect default resource locations for test class [com.jojoldu.book.springboot.web.dto.PostsApiControllerTest]: no resource found for suffixes {-context.xml, Context.groovy}.
2023-09-09 14:37:07.082  INFO 55075 --- [    Test worker] t.c.s.AnnotationConfigContextLoaderUtils : Could not detect default configuration classes for test class [com.jojoldu.book.springboot.web.dto.PostsApiControllerTest]: PostsApiControllerTest does not declare any static, non-private, non-final, nested classes annotated with @Configuration.
2023-09-09 14:37:07.105  INFO 55075 --- [    Test worker] .b.t.c.SpringBootTestContextBootstrapper : Found @SpringBootConfiguration com.jojoldu.book.springboot.Application for test class com.jojoldu.book.springboot.web.dto.PostsApiControllerTest
2023-09-09 14:37:07.107  INFO 55075 --- [    Test worker] .b.t.c.SpringBootTestContextBootstrapper : Loaded default TestExecutionListener class names from location [META-INF/spring.factories]: [org.springframework.security.test.context.support.WithSecurityContextTestExecutionListener, org.springframework.security.test.context.support.ReactorContextTestExecutionListener, org.springframework.boot.test.autoconfigure.restdocs.RestDocsTestExecutionListener, org.springframework.boot.test.autoconfigure.web.client.MockRestServiceServerResetTestExecutionListener, org.springframework.boot.test.autoconfigure.web.servlet.MockMvcPrintOnlyOnFailureTestExecutionListener, org.springframework.boot.test.autoconfigure.web.servlet.WebDriverTestExecutionListener, org.springframework.boot.test.autoconfigure.webservices.client.MockWebServiceServerTestExecutionListener, org.springframework.boot.test.mock.mockito.MockitoTestExecutionListener, org.springframework.boot.test.mock.mockito.ResetMocksTestExecutionListener, org.springframework.test.context.web.ServletTestExecutionListener, org.springframework.test.context.support.DirtiesContextBeforeModesTestExecutionListener, org.springframework.test.context.event.ApplicationEventsTestExecutionListener, org.springframework.test.context.support.DependencyInjectionTestExecutionListener, org.springframework.test.context.support.DirtiesContextTestExecutionListener, org.springframework.test.context.transaction.TransactionalTestExecutionListener, org.springframework.test.context.jdbc.SqlScriptsTestExecutionListener, org.springframework.test.context.event.EventPublishingTestExecutionListener]
2023-09-09 14:37:07.108  INFO 55075 --- [    Test worker] .b.t.c.SpringBootTestContextBootstrapper : Using TestExecutionListeners: [org.springframework.test.context.web.ServletTestExecutionListener@11fd6f02, org.springframework.test.context.support.DirtiesContextBeforeModesTestExecutionListener@40aa9bae, org.springframework.test.context.event.ApplicationEventsTestExecutionListener@6eb506d0, org.springframework.boot.test.mock.mockito.MockitoTestExecutionListener@79b3f1c6, org.springframework.boot.test.autoconfigure.SpringBootDependencyInjectionTestExecutionListener@3cc148d, org.springframework.test.context.support.DirtiesContextTestExecutionListener@172f88b1, org.springframework.test.context.transaction.TransactionalTestExecutionListener@51ea9f02, org.springframework.test.context.jdbc.SqlScriptsTestExecutionListener@37b17938, org.springframework.security.test.context.support.WithSecurityContextTestExecutionListener@54ba7b3f, org.springframework.test.context.event.EventPublishingTestExecutionListener@3f3b0b19, org.springframework.security.test.context.support.ReactorContextTestExecutionListener@3aac9173, org.springframework.boot.test.autoconfigure.restdocs.RestDocsTestExecutionListener@6e847a7, org.springframework.boot.test.autoconfigure.web.client.MockRestServiceServerResetTestExecutionListener@18cb7c6, org.springframework.boot.test.autoconfigure.web.servlet.MockMvcPrintOnlyOnFailureTestExecutionListener@6608072d, org.springframework.boot.test.autoconfigure.web.servlet.WebDriverTestExecutionListener@38f12596, org.springframework.boot.test.autoconfigure.webservices.client.MockWebServiceServerTestExecutionListener@7ce09850, org.springframework.boot.test.mock.mockito.ResetMocksTestExecutionListener@1836228d]
2023-09-09 14:37:07.136  INFO 55075 --- [    Test worker] o.a.c.c.C.[Tomcat].[localhost].[/]       : Initializing Spring TestDispatcherServlet ''
2023-09-09 14:37:07.137  INFO 55075 --- [    Test worker] o.s.t.web.servlet.TestDispatcherServlet  : Initializing Servlet ''
2023-09-09 14:37:07.138  INFO 55075 --- [    Test worker] o.s.t.web.servlet.TestDispatcherServlet  : Completed initialization in 1 ms
Hibernate: insert into posts (id, created_date, modified_date, author, content, title) values (default, ?, ?, ?, ?, ?)
Hibernate: select posts0_.id as id1_0_, posts0_.created_date as created_2_0_, posts0_.modified_date as modified3_0_, posts0_.author as author4_0_, posts0_.content as content5_0_, posts0_.title as title6_0_ from posts posts0_
Hibernate: select posts0_.id as id1_0_, posts0_.created_date as created_2_0_, posts0_.modified_date as modified3_0_, posts0_.author as author4_0_, posts0_.content as content5_0_, posts0_.title as title6_0_ from posts posts0_
Hibernate: delete from posts where id=?
2023-09-09 14:37:07.223  INFO 55075 --- [    Test worker] o.a.c.c.C.[Tomcat].[localhost].[/]       : Initializing Spring TestDispatcherServlet ''
2023-09-09 14:37:07.223  INFO 55075 --- [    Test worker] o.s.t.web.servlet.TestDispatcherServlet  : Initializing Servlet ''
2023-09-09 14:37:07.224  INFO 55075 --- [    Test worker] o.s.t.web.servlet.TestDispatcherServlet  : Completed initialization in 1 ms
Hibernate: insert into posts (id, created_date, modified_date, author, content, title) values (default, ?, ?, ?, ?, ?)
Hibernate: select posts0_.id as id1_0_0_, posts0_.created_date as created_2_0_0_, posts0_.modified_date as modified3_0_0_, posts0_.author as author4_0_0_, posts0_.content as content5_0_0_, posts0_.title as title6_0_0_ from posts posts0_ where posts0_.id=?
Hibernate: update posts set created_date=?, modified_date=?, author=?, content=?, title=? where id=?
Hibernate: select posts0_.id as id1_0_, posts0_.created_date as created_2_0_, posts0_.modified_date as modified3_0_, posts0_.author as author4_0_, posts0_.content as content5_0_, posts0_.title as title6_0_ from posts posts0_
Hibernate: select posts0_.id as id1_0_, posts0_.created_date as created_2_0_, posts0_.modified_date as modified3_0_, posts0_.author as author4_0_, posts0_.content as content5_0_, posts0_.title as title6_0_ from posts posts0_
Hibernate: delete from posts where id=?
]]></system-out>
  <system-err><![CDATA[]]></system-err>
</testsuite>
