<?xml version="1.0" encoding="UTF-8"?>
<testsuite name="com.jojoldu.book.springboot.web.HelloControllerTest" tests="2" skipped="0" failures="0" errors="0" timestamp="2023-09-07T11:09:03" hostname="gimmingyus-MacBook-Pro.local" time="0.197">
  <properties/>
  <testcase name="hello가_리턴된다()" classname="com.jojoldu.book.springboot.web.HelloControllerTest" time="0.089"/>
  <testcase name="helloDto가_리턴된다()" classname="com.jojoldu.book.springboot.web.HelloControllerTest" time="0.101"/>
  <system-out><![CDATA[2023-09-07 20:09:02.163  INFO 41044 --- [    Test worker] .b.t.a.w.s.WebMvcTestContextBootstrapper : Neither @ContextConfiguration nor @ContextHierarchy found for test class [com.jojoldu.book.springboot.web.HelloControllerTest], using SpringBootContextLoader
2023-09-07 20:09:02.168  INFO 41044 --- [    Test worker] o.s.t.c.support.AbstractContextLoader    : Could not detect default resource locations for test class [com.jojoldu.book.springboot.web.HelloControllerTest]: no resource found for suffixes {-context.xml, Context.groovy}.
2023-09-07 20:09:02.169  INFO 41044 --- [    Test worker] t.c.s.AnnotationConfigContextLoaderUtils : Could not detect default configuration classes for test class [com.jojoldu.book.springboot.web.HelloControllerTest]: HelloControllerTest does not declare any static, non-private, non-final, nested classes annotated with @Configuration.
2023-09-07 20:09:02.304  INFO 41044 --- [    Test worker] .b.t.c.SpringBootTestContextBootstrapper : Found @SpringBootConfiguration com.jojoldu.book.springboot.Application for test class com.jojoldu.book.springboot.web.HelloControllerTest
2023-09-07 20:09:02.311  INFO 41044 --- [    Test worker] .b.t.a.w.s.WebMvcTestContextBootstrapper : Loaded default TestExecutionListener class names from location [META-INF/spring.factories]: [org.springframework.security.test.context.support.WithSecurityContextTestExecutionListener, org.springframework.security.test.context.support.ReactorContextTestExecutionListener, org.springframework.boot.test.autoconfigure.restdocs.RestDocsTestExecutionListener, org.springframework.boot.test.autoconfigure.web.client.MockRestServiceServerResetTestExecutionListener, org.springframework.boot.test.autoconfigure.web.servlet.MockMvcPrintOnlyOnFailureTestExecutionListener, org.springframework.boot.test.autoconfigure.web.servlet.WebDriverTestExecutionListener, org.springframework.boot.test.autoconfigure.webservices.client.MockWebServiceServerTestExecutionListener, org.springframework.boot.test.mock.mockito.MockitoTestExecutionListener, org.springframework.boot.test.mock.mockito.ResetMocksTestExecutionListener, org.springframework.test.context.web.ServletTestExecutionListener, org.springframework.test.context.support.DirtiesContextBeforeModesTestExecutionListener, org.springframework.test.context.event.ApplicationEventsTestExecutionListener, org.springframework.test.context.support.DependencyInjectionTestExecutionListener, org.springframework.test.context.support.DirtiesContextTestExecutionListener, org.springframework.test.context.transaction.TransactionalTestExecutionListener, org.springframework.test.context.jdbc.SqlScriptsTestExecutionListener, org.springframework.test.context.event.EventPublishingTestExecutionListener]
2023-09-07 20:09:02.314  INFO 41044 --- [    Test worker] .b.t.a.w.s.WebMvcTestContextBootstrapper : Using TestExecutionListeners: [org.springframework.test.context.web.ServletTestExecutionListener@79ef8115, org.springframework.test.context.support.DirtiesContextBeforeModesTestExecutionListener@6db99c79, org.springframework.test.context.event.ApplicationEventsTestExecutionListener@3bb186b, org.springframework.boot.test.mock.mockito.MockitoTestExecutionListener@8fd3eee, org.springframework.boot.test.autoconfigure.SpringBootDependencyInjectionTestExecutionListener@d9ff1cd, org.springframework.test.context.support.DirtiesContextTestExecutionListener@2c64ee53, org.springframework.test.context.transaction.TransactionalTestExecutionListener@77c7d3f4, org.springframework.test.context.jdbc.SqlScriptsTestExecutionListener@162c89ac, org.springframework.security.test.context.support.WithSecurityContextTestExecutionListener@644f033d, org.springframework.test.context.event.EventPublishingTestExecutionListener@6f526f91, org.springframework.security.test.context.support.ReactorContextTestExecutionListener@26c349fc, org.springframework.boot.test.autoconfigure.restdocs.RestDocsTestExecutionListener@54d0d561, org.springframework.boot.test.autoconfigure.web.client.MockRestServiceServerResetTestExecutionListener@489a722d, org.springframework.boot.test.autoconfigure.web.servlet.MockMvcPrintOnlyOnFailureTestExecutionListener@3448a248, org.springframework.boot.test.autoconfigure.web.servlet.WebDriverTestExecutionListener@8788194, org.springframework.boot.test.autoconfigure.webservices.client.MockWebServiceServerTestExecutionListener@5a513627, org.springframework.boot.test.mock.mockito.ResetMocksTestExecutionListener@41413c5a]

  .   ____          _            __ _ _
 /\\ / ___'_ __ _ _(_)_ __  __ _ \ \ \ \
( ( )\___ | '_ | '_| | '_ \/ _` | \ \ \ \
 \\/  ___)| |_)| | | | | || (_| |  ) ) ) )
  '  |____| .__|_| |_|_| |_\__, | / / / /
 =========|_|==============|___/=/_/_/_/
 :: Spring Boot ::               (v2.7.14)

2023-09-07 20:09:02.420  INFO 41044 --- [    Test worker] c.j.b.s.web.HelloControllerTest          : Starting HelloControllerTest using Java 11.0.20 on gimmingyus-MacBook-Pro.local with PID 41044 (started by flyordig in /Users/flyordig/study/springboot2-aws)
2023-09-07 20:09:02.421  INFO 41044 --- [    Test worker] c.j.b.s.web.HelloControllerTest          : No active profile set, falling back to 1 default profile: "default"
2023-09-07 20:09:03.095  INFO 41044 --- [    Test worker] o.s.b.a.w.s.WelcomePageHandlerMapping    : Adding welcome page template: index
2023-09-07 20:09:03.406  INFO 41044 --- [    Test worker] o.s.s.web.DefaultSecurityFilterChain     : Will secure any request with [org.springframework.security.web.session.DisableEncodeUrlFilter@62f8b2f4, org.springframework.security.web.context.request.async.WebAsyncManagerIntegrationFilter@6bd5aa8b, org.springframework.security.web.context.SecurityContextPersistenceFilter@4ca6f587, org.springframework.security.web.header.HeaderWriterFilter@298f7b0a, org.springframework.security.web.csrf.CsrfFilter@2ea8f277, org.springframework.security.web.authentication.logout.LogoutFilter@23471f48, org.springframework.security.oauth2.client.web.OAuth2AuthorizationRequestRedirectFilter@588b02a0, org.springframework.security.oauth2.client.web.OAuth2AuthorizationRequestRedirectFilter@349469db, org.springframework.security.oauth2.client.web.OAuth2LoginAuthenticationFilter@2100b770, org.springframework.security.web.authentication.ui.DefaultLoginPageGeneratingFilter@2a10a99b, org.springframework.security.web.authentication.ui.DefaultLogoutPageGeneratingFilter@3af17313, org.springframework.security.web.savedrequest.RequestCacheAwareFilter@6442c2dd, org.springframework.security.web.servletapi.SecurityContextHolderAwareRequestFilter@3647b274, org.springframework.security.web.authentication.AnonymousAuthenticationFilter@1737acc0, org.springframework.security.oauth2.client.web.OAuth2AuthorizationCodeGrantFilter@1f7653ae, org.springframework.security.web.session.SessionManagementFilter@7e3c5ef1, org.springframework.security.web.access.ExceptionTranslationFilter@405d123c, org.springframework.security.web.access.intercept.FilterSecurityInterceptor@4e132a9b]
2023-09-07 20:09:03.502  INFO 41044 --- [    Test worker] o.s.b.t.m.w.SpringBootMockServletContext : Initializing Spring TestDispatcherServlet ''
2023-09-07 20:09:03.504  INFO 41044 --- [    Test worker] o.s.t.web.servlet.TestDispatcherServlet  : Initializing Servlet ''
2023-09-07 20:09:03.506  INFO 41044 --- [    Test worker] o.s.t.web.servlet.TestDispatcherServlet  : Completed initialization in 2 ms
2023-09-07 20:09:03.548  INFO 41044 --- [    Test worker] c.j.b.s.web.HelloControllerTest          : Started HelloControllerTest in 1.223 seconds (JVM running for 12.687)
]]></system-out>
  <system-err><![CDATA[]]></system-err>
</testsuite>
