<?xml version="1.0" encoding="UTF-8"?>
<testsuite name="com.jojoldu.book.springboot.web.HelloControllerTest" tests="2" skipped="0" failures="0" errors="0" timestamp="2023-09-09T05:37:02" hostname="gimmingyus-MacBook-Pro.local" time="0.189">
  <properties/>
  <testcase name="hello가_리턴된다()" classname="com.jojoldu.book.springboot.web.HelloControllerTest" time="0.099"/>
  <testcase name="helloDto가_리턴된다()" classname="com.jojoldu.book.springboot.web.HelloControllerTest" time="0.087"/>
  <system-out><![CDATA[2023-09-09 14:37:01.675  INFO 55075 --- [    Test worker] .b.t.a.w.s.WebMvcTestContextBootstrapper : Neither @ContextConfiguration nor @ContextHierarchy found for test class [com.jojoldu.book.springboot.web.HelloControllerTest], using SpringBootContextLoader
2023-09-09 14:37:01.681  INFO 55075 --- [    Test worker] o.s.t.c.support.AbstractContextLoader    : Could not detect default resource locations for test class [com.jojoldu.book.springboot.web.HelloControllerTest]: no resource found for suffixes {-context.xml, Context.groovy}.
2023-09-09 14:37:01.683  INFO 55075 --- [    Test worker] t.c.s.AnnotationConfigContextLoaderUtils : Could not detect default configuration classes for test class [com.jojoldu.book.springboot.web.HelloControllerTest]: HelloControllerTest does not declare any static, non-private, non-final, nested classes annotated with @Configuration.
2023-09-09 14:37:01.777  INFO 55075 --- [    Test worker] .b.t.c.SpringBootTestContextBootstrapper : Found @SpringBootConfiguration com.jojoldu.book.springboot.Application for test class com.jojoldu.book.springboot.web.HelloControllerTest
2023-09-09 14:37:01.779  INFO 55075 --- [    Test worker] .b.t.a.w.s.WebMvcTestContextBootstrapper : Loaded default TestExecutionListener class names from location [META-INF/spring.factories]: [org.springframework.security.test.context.support.WithSecurityContextTestExecutionListener, org.springframework.security.test.context.support.ReactorContextTestExecutionListener, org.springframework.boot.test.autoconfigure.restdocs.RestDocsTestExecutionListener, org.springframework.boot.test.autoconfigure.web.client.MockRestServiceServerResetTestExecutionListener, org.springframework.boot.test.autoconfigure.web.servlet.MockMvcPrintOnlyOnFailureTestExecutionListener, org.springframework.boot.test.autoconfigure.web.servlet.WebDriverTestExecutionListener, org.springframework.boot.test.autoconfigure.webservices.client.MockWebServiceServerTestExecutionListener, org.springframework.boot.test.mock.mockito.MockitoTestExecutionListener, org.springframework.boot.test.mock.mockito.ResetMocksTestExecutionListener, org.springframework.test.context.web.ServletTestExecutionListener, org.springframework.test.context.support.DirtiesContextBeforeModesTestExecutionListener, org.springframework.test.context.event.ApplicationEventsTestExecutionListener, org.springframework.test.context.support.DependencyInjectionTestExecutionListener, org.springframework.test.context.support.DirtiesContextTestExecutionListener, org.springframework.test.context.transaction.TransactionalTestExecutionListener, org.springframework.test.context.jdbc.SqlScriptsTestExecutionListener, org.springframework.test.context.event.EventPublishingTestExecutionListener]
2023-09-09 14:37:01.783  INFO 55075 --- [    Test worker] .b.t.a.w.s.WebMvcTestContextBootstrapper : Using TestExecutionListeners: [org.springframework.test.context.web.ServletTestExecutionListener@3448a248, org.springframework.test.context.support.DirtiesContextBeforeModesTestExecutionListener@8788194, org.springframework.test.context.event.ApplicationEventsTestExecutionListener@5a513627, org.springframework.boot.test.mock.mockito.MockitoTestExecutionListener@41413c5a, org.springframework.boot.test.autoconfigure.SpringBootDependencyInjectionTestExecutionListener@306a9cd8, org.springframework.test.context.support.DirtiesContextTestExecutionListener@7c52df60, org.springframework.test.context.transaction.TransactionalTestExecutionListener@2fe12ec3, org.springframework.test.context.jdbc.SqlScriptsTestExecutionListener@678a7489, org.springframework.security.test.context.support.WithSecurityContextTestExecutionListener@3e2a8fc, org.springframework.test.context.event.EventPublishingTestExecutionListener@6921ce3f, org.springframework.security.test.context.support.ReactorContextTestExecutionListener@4f1072ee, org.springframework.boot.test.autoconfigure.restdocs.RestDocsTestExecutionListener@7b0a69b9, org.springframework.boot.test.autoconfigure.web.client.MockRestServiceServerResetTestExecutionListener@6d398b6c, org.springframework.boot.test.autoconfigure.web.servlet.MockMvcPrintOnlyOnFailureTestExecutionListener@a8ef0c2, org.springframework.boot.test.autoconfigure.web.servlet.WebDriverTestExecutionListener@46c5747f, org.springframework.boot.test.autoconfigure.webservices.client.MockWebServiceServerTestExecutionListener@6eaa8abf, org.springframework.boot.test.mock.mockito.ResetMocksTestExecutionListener@4fe91eed]

  .   ____          _            __ _ _
 /\\ / ___'_ __ _ _(_)_ __  __ _ \ \ \ \
( ( )\___ | '_ | '_| | '_ \/ _` | \ \ \ \
 \\/  ___)| |_)| | | | | || (_| |  ) ) ) )
  '  |____| .__|_| |_|_| |_\__, | / / / /
 =========|_|==============|___/=/_/_/_/
 :: Spring Boot ::               (v2.7.14)

2023-09-09 14:37:01.868  INFO 55075 --- [    Test worker] c.j.b.s.web.HelloControllerTest          : Starting HelloControllerTest using Java 11.0.20 on gimmingyus-MacBook-Pro.local with PID 55075 (started by flyordig in /Users/flyordig/study/springboot2-aws)
2023-09-09 14:37:01.869  INFO 55075 --- [    Test worker] c.j.b.s.web.HelloControllerTest          : No active profile set, falling back to 1 default profile: "default"
2023-09-09 14:37:02.489  INFO 55075 --- [    Test worker] o.s.b.a.w.s.WelcomePageHandlerMapping    : Adding welcome page template: index
2023-09-09 14:37:02.775  INFO 55075 --- [    Test worker] o.s.s.web.DefaultSecurityFilterChain     : Will secure any request with [org.springframework.security.web.session.DisableEncodeUrlFilter@108a7fff, org.springframework.security.web.context.request.async.WebAsyncManagerIntegrationFilter@56f8ab05, org.springframework.security.web.context.SecurityContextPersistenceFilter@46aa5294, org.springframework.security.web.header.HeaderWriterFilter@7ebf5bf, org.springframework.security.web.csrf.CsrfFilter@2a10a99b, org.springframework.security.web.authentication.logout.LogoutFilter@466c39de, org.springframework.security.oauth2.client.web.OAuth2AuthorizationRequestRedirectFilter@3af17313, org.springframework.security.oauth2.client.web.OAuth2AuthorizationRequestRedirectFilter@30ffc3c0, org.springframework.security.oauth2.client.web.OAuth2LoginAuthenticationFilter@1737acc0, org.springframework.security.web.authentication.ui.DefaultLoginPageGeneratingFilter@48c56b42, org.springframework.security.web.authentication.ui.DefaultLogoutPageGeneratingFilter@652855c4, org.springframework.security.web.savedrequest.RequestCacheAwareFilter@283645fa, org.springframework.security.web.servletapi.SecurityContextHolderAwareRequestFilter@70a81b4e, org.springframework.security.web.authentication.AnonymousAuthenticationFilter@619dc070, org.springframework.security.oauth2.client.web.OAuth2AuthorizationCodeGrantFilter@23b4f0a9, org.springframework.security.web.session.SessionManagementFilter@5d8cbb32, org.springframework.security.web.access.ExceptionTranslationFilter@2898cd46, org.springframework.security.web.access.intercept.FilterSecurityInterceptor@24e0bdb]
2023-09-09 14:37:02.859  INFO 55075 --- [    Test worker] o.s.b.t.m.w.SpringBootMockServletContext : Initializing Spring TestDispatcherServlet ''
2023-09-09 14:37:02.862  INFO 55075 --- [    Test worker] o.s.t.web.servlet.TestDispatcherServlet  : Initializing Servlet ''
2023-09-09 14:37:02.863  INFO 55075 --- [    Test worker] o.s.t.web.servlet.TestDispatcherServlet  : Completed initialization in 1 ms
2023-09-09 14:37:02.888  INFO 55075 --- [    Test worker] c.j.b.s.web.HelloControllerTest          : Started HelloControllerTest in 1.094 seconds (JVM running for 11.823)
]]></system-out>
  <system-err><![CDATA[]]></system-err>
</testsuite>
